Arguments: 
  C:\Program Files\nodejs\node.exe C:\Users\andre\AppData\Roaming\npm\node_modules\yarn\bin\yarn.js add express cors bodyparser mongodb

PATH: 
  C:\Users\andre\bin;C:\Users\andre\Downloads\cmder\bin;C:\Program Files\Git\bin;C:\Users\andre\Downloads\cmder\vendor\git-for-windows\mingw64\bin;C:\Users\andre\Downloads\cmder\vendor\git-for-windows\usr\local\bin;C:\Users\andre\Downloads\cmder\vendor\git-for-windows\usr\bin;C:\Users\andre\Downloads\cmder\vendor\git-for-windows\usr\bin;C:\Users\andre\Downloads\cmder\vendor\git-for-windows\mingw64\bin;C:\Users\andre\Downloads\cmder\vendor\git-for-windows\usr\bin;C:\Users\andre\bin;C:\Users\andre\Downloads\cmder\vendor\conemu-maximus5\ConEmu\Scripts;C:\Users\andre\Downloads\cmder\vendor\conemu-maximus5;C:\Users\andre\Downloads\cmder\vendor\conemu-maximus5\ConEmu;C:\Windows\system32;C:\Windows;C:\Windows\System32\Wbem;C:\Windows\System32\WindowsPowerShell\v1.0;C:\Windows\System32\OpenSSH;C:\Program Files\Microsoft VS Code\bin;C:\Program Files\Git\cmd;C:\Program Files\nodejs;C:\Program Files\MySQL\MySQL Utilities 1.6;C:\Users\andre\AppData\Local\Microsoft\WindowsApps;C:\Users\andre\AppData\Roaming\npm;C:\Program Files\heroku\bin;C:\Users\andre\Downloads\cmder;C:\Users\andre\Downloads\cmder\vendor\git-for-windows\usr\bin\vendor_perl;C:\Users\andre\Downloads\cmder\vendor\git-for-windows\usr\bin\core_perl

Yarn version: 
  1.12.3

Node version: 
  8.11.3

Platform: 
  win32 x64

Trace: 
  Error: https://registry.yarnpkg.com/bodyparser: Not found
      at Request.params.callback [as _callback] (C:\Users\andre\AppData\Roaming\npm\node_modules\yarn\lib\cli.js:65894:18)
      at Request.self.callback (C:\Users\andre\AppData\Roaming\npm\node_modules\yarn\lib\cli.js:129018:22)
      at emitTwo (events.js:126:13)
      at Request.emit (events.js:214:7)
      at Request.<anonymous> (C:\Users\andre\AppData\Roaming\npm\node_modules\yarn\lib\cli.js:129990:10)
      at emitOne (events.js:116:13)
      at Request.emit (events.js:211:7)
      at IncomingMessage.<anonymous> (C:\Users\andre\AppData\Roaming\npm\node_modules\yarn\lib\cli.js:129912:12)
      at Object.onceWrapper (events.js:313:30)
      at emitNone (events.js:111:20)

npm manifest: 
  {
    "name": "vueexpressmongo",
    "version": "1.0.0",
    "description": "Fullstack Vue Mongo Express app",
    "main": "index.js",
    "scripts": {
      "test": "echo \"Error: no test specified\" && exit 1"
    },
    "author": "Andrew Ulm",
    "license": "MIT"
  }

yarn manifest: 
  No manifest

Lockfile: 
  No lockfile
